[    0.000000] Initializing cgroup subsys cpuset
[    0.000000] Initializing cgroup subsys cpu
[    0.000000] Initializing cgroup subsys cpuacct
[    0.000000] Linux version 4.4.0-210-generic (buildd@lgw01-amd64-009) (gcc version 5.4.0 20160609 (Ubuntu 5.4.0-6ubuntu1~16.04.12) ) #242-Ubuntu SMP Fri Apr 16 09:57:56 UTC 2021 (Ubuntu 4.4.0-210.242-generic 4.4.262)
[    0.000000] Command line: BOOT_IMAGE=/boot/vmlinuz-4.4.0-210-generic root=LABEL=cloudimg-rootfs ro console=tty1 console=ttyS0
[    0.000000] KERNEL supported cpus:
[    0.000000]   Intel GenuineIntel
[    0.000000]   AMD AuthenticAMD
[    0.000000]   Centaur CentaurHauls
[    0.000000] [Firmware Bug]: TSC doesn't count with P0 frequency!
[    0.000000] x86/fpu: xstate_offset[2]:  576, xstate_sizes[2]:  256
[    0.000000] x86/fpu: Supporting XSAVE feature 0x01: 'x87 floating point registers'
[    0.000000] x86/fpu: Supporting XSAVE feature 0x02: 'SSE registers'
[    0.000000] x86/fpu: Supporting XSAVE feature 0x04: 'AVX registers'
[    0.000000] x86/fpu: Enabled xstate features 0x7, context size is 832 bytes, using 'standard' format.
[    0.000000] e820: BIOS-provided physical RAM map:
[    0.000000] BIOS-e820: [mem 0x0000000000000000-0x000000000009fbff] usable
[    0.000000] BIOS-e820: [mem 0x000000000009fc00-0x000000000009ffff] reserved
[    0.000000] BIOS-e820: [mem 0x00000000000f0000-0x00000000000fffff] reserved
[    0.000000] BIOS-e820: [mem 0x0000000000100000-0x000000003ffeffff] usable
[    0.000000] BIOS-e820: [mem 0x000000003fff0000-0x000000003fffffff] ACPI data
[    0.000000] BIOS-e820: [mem 0x00000000fec00000-0x00000000fec00fff] reserved
[    0.000000] BIOS-e820: [mem 0x00000000fee00000-0x00000000fee00fff] reserved
[    0.000000] BIOS-e820: [mem 0x00000000fffc0000-0x00000000ffffffff] reserved
[    0.000000] NX (Execute Disable) protection: active
[    0.000000] SMBIOS 2.5 present.
[    0.000000] Hypervisor detected: KVM
[    0.000000] Kernel/User page tables isolation: disabled
[    0.000000] e820: last_pfn = 0x3fff0 max_arch_pfn = 0x400000000
[    0.000000] MTRR: Disabled
[    0.000000] x86/PAT: MTRRs disabled, skipping PAT initialization too.
[    0.000000] CPU MTRRs all blank - virtualized system.
[    0.000000] x86/PAT: Configuration [0-7]: WB  WT  UC- UC  WB  WT  UC- UC  
[    0.000000] found SMP MP-table at [mem 0x0009fff0-0x0009ffff] mapped at [ffff88000009fff0]
[    0.000000] Scanning 1 areas for low memory corruption
[    0.000000] RAMDISK: [mem 0x362dc000-0x37165fff]
[    0.000000] ACPI: Early table checksum verification disabled
[    0.000000] ACPI: RSDP 0x00000000000E0000 000024 (v02 VBOX  )
[    0.000000] ACPI: XSDT 0x000000003FFF0030 00003C (v01 VBOX   VBOXXSDT 00000001 ASL  00000061)
[    0.000000] ACPI: FACP 0x000000003FFF00F0 0000F4 (v04 VBOX   VBOXFACP 00000001 ASL  00000061)
[    0.000000] ACPI: DSDT 0x000000003FFF0610 002353 (v02 VBOX   VBOXBIOS 00000002 INTL 20100528)
[    0.000000] ACPI: FACS 0x000000003FFF0200 000040
[    0.000000] ACPI: FACS 0x000000003FFF0200 000040
[    0.000000] ACPI: APIC 0x000000003FFF0240 00005C (v02 VBOX   VBOXAPIC 00000001 ASL  00000061)
[    0.000000] ACPI: SSDT 0x000000003FFF02A0 00036C (v01 VBOX   VBOXCPUT 00000002 INTL 20100528)
[    0.000000] No NUMA configuration found
[    0.000000] Faking a node at [mem 0x0000000000000000-0x000000003ffeffff]
[    0.000000] NODE_DATA(0) allocated [mem 0x3ffeb000-0x3ffeffff]
[    0.000000] kvm-clock: Using msrs 4b564d01 and 4b564d00
[    0.000000] kvm-clock: cpu 0, msr 0:3ffe3001, primary cpu clock
[    0.000000] kvm-clock: using sched offset of 3337090935 cycles
[    0.000000] clocksource: kvm-clock: mask: 0xffffffffffffffff max_cycles: 0x1cd42e4dffb, max_idle_ns: 881590591483 ns
[    0.000000] Zone ranges:
[    0.000000]   DMA      [mem 0x0000000000001000-0x0000000000ffffff]
[    0.000000]   DMA32    [mem 0x0000000001000000-0x000000003ffeffff]
[    0.000000]   Normal   empty
[    0.000000]   Device   empty
[    0.000000] Movable zone start for each node
[    0.000000] Early memory node ranges
[    0.000000]   node   0: [mem 0x0000000000001000-0x000000000009efff]
[    0.000000]   node   0: [mem 0x0000000000100000-0x000000003ffeffff]
[    0.000000] Initmem setup node 0 [mem 0x0000000000001000-0x000000003ffeffff]
[    0.000000] ACPI: PM-Timer IO Port: 0x4008
[    0.000000] IOAPIC[0]: apic_id 2, version 32, address 0xfec00000, GSI 0-23
[    0.000000] ACPI: INT_SRC_OVR (bus 0 bus_irq 0 global_irq 2 dfl dfl)
[    0.000000] ACPI: INT_SRC_OVR (bus 0 bus_irq 9 global_irq 9 low level)
[    0.000000] Using ACPI (MADT) for SMP configuration information
[    0.000000] smpboot: Allowing 2 CPUs, 0 hotplug CPUs
[    0.000000] PM: Registered nosave memory: [mem 0x00000000-0x00000fff]
[    0.000000] PM: Registered nosave memory: [mem 0x0009f000-0x0009ffff]
[    0.000000] PM: Registered nosave memory: [mem 0x000a0000-0x000effff]
[    0.000000] PM: Registered nosave memory: [mem 0x000f0000-0x000fffff]
[    0.000000] e820: [mem 0x40000000-0xfebfffff] available for PCI devices
[    0.000000] Booting paravirtualized kernel on KVM
[    0.000000] clocksource: refined-jiffies: mask: 0xffffffff max_cycles: 0xffffffff, max_idle_ns: 7645519600211568 ns
[    0.000000] setup_percpu: NR_CPUS:512 nr_cpumask_bits:512 nr_cpu_ids:2 nr_node_ids:1
[    0.000000] PERCPU: Embedded 33 pages/cpu @ffff88003fc00000 s95192 r8192 d31784 u1048576
[    0.000000] Built 1 zonelists in Node order, mobility grouping on.  Total pages: 257912
[    0.000000] Policy zone: DMA32
[    0.000000] Kernel command line: BOOT_IMAGE=/boot/vmlinuz-4.4.0-210-generic root=LABEL=cloudimg-rootfs ro console=tty1 console=ttyS0
[    0.000000] PID hash table entries: 4096 (order: 3, 32768 bytes)
[    0.000000] Memory: 997792K/1048120K available (8644K kernel code, 1332K rwdata, 4044K rodata, 1492K init, 1164K bss, 50328K reserved, 0K cma-reserved)
[    0.000000] SLUB: HWalign=64, Order=0-3, MinObjects=0, CPUs=2, Nodes=1
[    0.000000] Hierarchical RCU implementation.
[    0.000000] 	Build-time adjustment of leaf fanout to 64.
[    0.000000] 	RCU restricting CPUs from NR_CPUS=512 to nr_cpu_ids=2.
[    0.000000] RCU: Adjusting geometry for rcu_fanout_leaf=64, nr_cpu_ids=2
[    0.000000] NR_IRQS:33024 nr_irqs:440 16
[    0.000000] Console: colour VGA+ 80x25
[    0.000000] console [tty1] enabled
[    0.000000] console [ttyS0] enabled
[    0.000000] tsc: Detected 2096.064 MHz processor
[    0.230770] Calibrating delay loop (skipped) preset value.. 4192.12 BogoMIPS (lpj=8384256)
[    0.233297] pid_max: default: 32768 minimum: 301
[    0.234815] ACPI: Core revision 20150930
[    0.237928] ACPI: 2 ACPI AML tables successfully acquired and loaded
[    0.240208] Security Framework initialized
[    0.242268] Yama: becoming mindful.
[    0.243863] AppArmor: AppArmor initialized
[    0.245777] Dentry cache hash table entries: 131072 (order: 8, 1048576 bytes)
[    0.248160] Inode-cache hash table entries: 65536 (order: 7, 524288 bytes)
[    0.252900] Mount-cache hash table entries: 2048 (order: 2, 16384 bytes)
[    0.254811] Mountpoint-cache hash table entries: 2048 (order: 2, 16384 bytes)
[    0.256954] Initializing cgroup subsys io
[    0.258480] Initializing cgroup subsys memory
[    0.260572] Initializing cgroup subsys devices
[    0.262111] Initializing cgroup subsys freezer
[    0.263555] Initializing cgroup subsys net_cls
[    0.265075] Initializing cgroup subsys perf_event
[    0.267213] Initializing cgroup subsys net_prio
[    0.268895] Initializing cgroup subsys hugetlb
[    0.270315] Initializing cgroup subsys pids
[    0.389109] mce: CPU supports 0 MCE banks
[    0.390562] Last level iTLB entries: 4KB 1024, 2MB 1024, 4MB 512
[    0.392560] Last level dTLB entries: 4KB 1536, 2MB 1536, 4MB 768, 1GB 0
[    0.394518] Spectre V1 : Mitigation: usercopy/swapgs barriers and __user pointer sanitization
[    0.396854] Spectre V2 : Spectre mitigation: LFENCE not serializing, switching to generic retpoline
[    0.399608] Spectre V2 : Mitigation: Full generic retpoline
[    0.401261] Spectre V2 : Spectre v2 / SpectreRSB mitigation: Filling RSB on context switch
[    0.413013] Freeing SMP alternatives memory: 36K
[    0.432310] ftrace: allocating 32380 entries in 127 pages
[    0.528016] smpboot: APIC(0) Converting physical 0 to logical package 0
[    0.530099] smpboot: Max logical packages: 1
[    0.531740] x2apic enabled
[    0.532959] Switched APIC routing to physical x2apic.
[    0.536137] ..TIMER: vector=0x30 apic1=0 pin1=2 apic2=-1 pin2=-1
[    0.646188] smpboot: CPU0: AMD Ryzen 5 3500U with Radeon Vega Mobile Gfx (family: 0x17, model: 0x18, stepping: 0x1)
[    0.649247] Performance Events: Broken PMU hardware detected, using software events only.
[    0.651582] Failed to access perfctr msr (MSR c0010007 is 0)
[    0.661984] KVM setup paravirtual spinlock
[    0.666356] x86: Booting SMP configuration:
[    0.667630] .... node  #0, CPUs:      #1
[    0.669043] kvm-clock: cpu 1, msr 0:3ffe3041, secondary cpu clock
[    0.792263] mce: CPU supports 0 MCE banks
[    0.795166] x86: Booted up 1 node, 2 CPUs
[    0.796777] smpboot: Total of 2 processors activated (8384.25 BogoMIPS)
[    0.799590] devtmpfs: initialized
[    0.803642] evm: security.selinux
[    0.804709] evm: security.SMACK64
[    0.806531] evm: security.SMACK64EXEC
[    0.808705] evm: security.SMACK64TRANSMUTE
[    0.811026] evm: security.SMACK64MMAP
[    0.812983] evm: security.ima
[    0.814690] evm: security.capability
[    0.818982] clocksource: jiffies: mask: 0xffffffff max_cycles: 0xffffffff, max_idle_ns: 7645041785100000 ns
[    0.821524] futex hash table entries: 512 (order: 3, 32768 bytes)
[    0.823402] pinctrl core: initialized pinctrl subsystem
[    0.824871] RTC time: 10:18:59, date: 05/22/24
[    0.827679] NET: Registered protocol family 16
[    0.838947] cpuidle: using governor ladder
[    0.850141] cpuidle: using governor menu
[    0.851328] PCCT header not found.
[    0.853396] ACPI: bus type PCI registered
[    0.854640] acpiphp: ACPI Hot Plug PCI Controller Driver version: 0.5
[    0.856324] PCI: Using configuration type 1 for base access
[    0.858172] PCI: Using configuration type 1 for extended access
[    0.871617] ACPI: Added _OSI(Module Device)
[    0.872899] ACPI: Added _OSI(Processor Device)
[    0.874352] ACPI: Added _OSI(3.0 _SCP Extensions)
[    0.875767] ACPI: Added _OSI(Processor Aggregator Device)
[    0.877947] ACPI: Executed 1 blocks of module-level executable AML code
[    0.882344] ACPI: Interpreter enabled
[    0.883572] ACPI: (supports S0 S5)
[    0.884592] ACPI: Using IOAPIC for interrupt routing
[    0.886140] PCI: Using host bridge windows from ACPI; if necessary, use "pci=nocrs" and report a bug
[    0.897854] ACPI: PCI Root Bridge [PCI0] (domain 0000 [bus 00-ff])
[    0.899565] acpi PNP0A03:00: _OSC: OS supports [ExtendedConfig ASPM ClockPM Segments MSI]
[    0.902642] acpi PNP0A03:00: _OSC: platform does not support [PCIeCapability]
[    0.904808] acpi PNP0A03:00: _OSC: not requesting control; platform does not support [PCIeCapability]
[    0.910792] acpi PNP0A03:00: _OSC: OS requested [PCIeHotplug PME AER PCIeCapability]
[    0.915381] acpi PNP0A03:00: _OSC: platform willing to grant [PCIeHotplug PME AER]
[    0.918323] acpi PNP0A03:00: _OSC failed (AE_SUPPORT); disabling ASPM
[    0.920525] PCI host bridge to bus 0000:00
[    0.921672] pci_bus 0000:00: root bus resource [io  0x0000-0x0cf7 window]
[    0.923429] pci_bus 0000:00: root bus resource [io  0x0d00-0xffff window]
[    0.927265] pci_bus 0000:00: root bus resource [mem 0x000a0000-0x000bffff window]
[    0.956539] pci_bus 0000:00: root bus resource [mem 0x40000000-0xfdffffff window]
[    0.960923] pci_bus 0000:00: root bus resource [bus 00-ff]
[    0.968980] pci 0000:00:01.1: legacy IDE quirk: reg 0x10: [io  0x01f0-0x01f7]
[    0.972138] pci 0000:00:01.1: legacy IDE quirk: reg 0x14: [io  0x03f6]
[    0.974774] pci 0000:00:01.1: legacy IDE quirk: reg 0x18: [io  0x0170-0x0177]
[    0.978247] pci 0000:00:01.1: legacy IDE quirk: reg 0x1c: [io  0x0376]
[    1.019506] pci 0000:00:07.0: quirk: [io  0x4000-0x403f] claimed by PIIX4 ACPI
[    1.023207] pci 0000:00:07.0: quirk: [io  0x4100-0x410f] claimed by PIIX4 SMB
[    1.041362] ACPI: PCI Interrupt Link [LNKA] (IRQs 5 9 10 *11)
[    1.045479] ACPI: PCI Interrupt Link [LNKB] (IRQs 5 9 *10 11)
[    1.049283] ACPI: PCI Interrupt Link [LNKC] (IRQs 5 *9 10 11)
[    1.052984] ACPI: PCI Interrupt Link [LNKD] (IRQs 5 9 10 *11)
[    1.056939] ACPI: Enabled 2 GPEs in block 00 to 07
[    1.061198] vgaarb: setting as boot device: PCI:0000:00:02.0
[    1.063709] vgaarb: device added: PCI:0000:00:02.0,decodes=io+mem,owns=io+mem,locks=none
[    1.067450] vgaarb: loaded
[    1.068935] vgaarb: bridge control possible 0000:00:02.0
[    1.071777] SCSI subsystem initialized
[    1.074155] ACPI: bus type USB registered
[    1.076172] usbcore: registered new interface driver usbfs
[    1.078675] usbcore: registered new interface driver hub
[    1.081028] usbcore: registered new device driver usb
[    1.084160] PCI: Using ACPI for IRQ routing
[    1.086819] NetLabel: Initializing
[    1.088756] NetLabel:  domain hash size = 128
[    1.090986] NetLabel:  protocols = UNLABELED CIPSOv4
[    1.093431] NetLabel:  unlabeled traffic allowed by default
[    1.096217] amd_nb: Cannot enumerate AMD northbridges
[    1.098749] clocksource: Switched to clocksource kvm-clock
[    1.116945] AppArmor: AppArmor Filesystem Enabled
[    1.119475] pnp: PnP ACPI init
[    1.123135] pnp: PnP ACPI: found 3 devices
[    1.138446] clocksource: acpi_pm: mask: 0xffffff max_cycles: 0xffffff, max_idle_ns: 2085701024 ns
[    1.143479] NET: Registered protocol family 2
[    1.146665] TCP established hash table entries: 8192 (order: 4, 65536 bytes)
[    1.149596] TCP bind hash table entries: 8192 (order: 5, 131072 bytes)
[    1.151303] TCP: Hash tables configured (established 8192 bind 8192)
[    1.153114] UDP hash table entries: 512 (order: 2, 16384 bytes)
[    1.154647] UDP-Lite hash table entries: 512 (order: 2, 16384 bytes)
[    1.156430] NET: Registered protocol family 1
[    1.158410] pci 0000:00:00.0: Limiting direct PCI/PCI transfers
[    1.161283] pci 0000:00:01.0: Activating ISA DMA hang workarounds
[    1.164928] Unpacking initramfs...
[    1.516058] Freeing initrd memory: 14888K
[    1.517539] clocksource: tsc: mask: 0xffffffffffffffff max_cycles: 0x1e36aa4f9f7, max_idle_ns: 440795294663 ns
[    1.520190] platform rtc_cmos: registered platform RTC device (no PNP device found)
[    1.522361] Scanning for low memory corruption every 60 seconds
[    1.526209] audit: initializing netlink subsys (disabled)
[    1.529219] audit: type=2000 audit(1716373144.611:1): initialized
[    1.533216] Initialise system trusted keyring
[    1.536641] HugeTLB registered 2 MB page size, pre-allocated 0 pages
[    1.542814] zbud: loaded
[    1.545990] VFS: Disk quotas dquot_6.6.0
[    1.548519] VFS: Dquot-cache hash table entries: 512 (order 0, 4096 bytes)
[    1.552366] squashfs: version 4.0 (2009/01/31) Phillip Lougher
[    1.558619] fuse init (API version 7.23)
[    1.561890] Key type big_key registered
[    1.564182] Allocating IMA MOK and blacklist keyrings.
[    1.570721] Key type asymmetric registered
[    1.573005] Asymmetric key parser 'x509' registered
[    1.576604] Block layer SCSI generic (bsg) driver version 0.4 loaded (major 249)
[    1.581082] io scheduler noop registered
[    1.582270] io scheduler deadline registered (default)
[    1.583817] io scheduler cfq registered
[    1.585117] pci_hotplug: PCI Hot Plug PCI Core version: 0.5
[    1.586541] pciehp: PCI Express Hot Plug Controller Driver version: 0.4
[    1.588551] ACPI: AC Adapter [AC] (off-line)
[    1.589799] input: Power Button as /devices/LNXSYSTM:00/LNXPWRBN:00/input/input0
[    1.592828] ACPI: Power Button [PWRF]
[    1.595188] input: Sleep Button as /devices/LNXSYSTM:00/LNXSLPBN:00/input/input1
[    1.598444] ACPI: Sleep Button [SLPF]
[    1.603007] GHES: HEST is not enabled!
[    1.603448] ACPI: Battery Slot [BAT0] (battery present)
[    1.606024] Serial: 8250/16550 driver, 32 ports, IRQ sharing enabled
[    1.631946] 00:02: ttyS0 at I/O 0x3f8 (irq = 4, base_baud = 115200) is a 16550A
[    1.642516] Linux agpgart interface v0.103
[    1.650169] loop: module loaded
[    1.653782] scsi host0: ata_piix
[    1.656215] scsi host1: ata_piix
[    1.658281] ata1: PATA max UDMA/33 cmd 0x1f0 ctl 0x3f6 bmdma 0xd000 irq 14
[    1.661754] ata2: PATA max UDMA/33 cmd 0x170 ctl 0x376 bmdma 0xd008 irq 15
[    1.665722] libphy: Fixed MDIO Bus: probed
[    1.667829] tun: Universal TUN/TAP device driver, 1.6
[    1.670658] tun: (C) 1999-2004 Max Krasnyansky <maxk@qualcomm.com>
[    1.674347] PPP generic driver version 2.4.2
[    1.677364] ehci_hcd: USB 2.0 'Enhanced' Host Controller (EHCI) Driver
[    1.680674] ehci-pci: EHCI PCI platform driver
[    1.683739] ehci-platform: EHCI generic platform driver
[    1.686641] ohci_hcd: USB 1.1 'Open' Host Controller (OHCI) Driver
[    1.689982] ohci-pci: OHCI PCI platform driver
[    1.691639] ohci-platform: OHCI generic platform driver
[    1.693943] uhci_hcd: USB Universal Host Controller Interface driver
[    1.697430] i8042: PNP: PS/2 Controller [PNP0303:PS2K,PNP0f03:PS2M] at 0x60,0x64 irq 1,12
[    1.702854] serio: i8042 KBD port at 0x60,0x64 irq 1
[    1.705460] serio: i8042 AUX port at 0x60,0x64 irq 12
[    1.709079] mousedev: PS/2 mouse device common for all mice
[    1.712420] input: AT Translated Set 2 keyboard as /devices/platform/i8042/serio0/input/input2
[    1.717986] rtc_cmos rtc_cmos: rtc core: registered rtc_cmos as rtc0
[    1.721704] rtc_cmos rtc_cmos: alarms up to one day, 114 bytes nvram
[    1.726273] i2c /dev entries driver
[    1.729357] device-mapper: uevent: version 1.0.3
[    1.732582] device-mapper: ioctl: 4.34.0-ioctl (2015-10-28) initialised: dm-devel@redhat.com
[    1.737279] ledtrig-cpu: registered to indicate activity on CPUs
[    1.741782] NET: Registered protocol family 10
[    1.743982] NET: Registered protocol family 17
[    1.745412] Key type dns_resolver registered
[    1.748068] registered taskstats version 1
[    1.750385] Loading compiled-in X.509 certificates
[    1.754508] Loaded X.509 cert 'Build time autogenerated kernel key: cf00e047681d67edb2720680708b7d9498083038'
[    1.760339] zswap: loaded using pool lzo/zbud
[    1.769120] Key type trusted registered
[    1.781856] Key type encrypted registered
[    1.784343] AppArmor: AppArmor sha1 policy hashing enabled
[    1.787030] ima: No TPM chip found, activating TPM-bypass!
[    1.789653] ima: Allocated hash algorithm: sha1
[    1.792107] evm: HMAC attrs: 0x1
[    1.794504]   Magic number: 8:976:325
[    1.796678] rtc_cmos rtc_cmos: setting system clock to 2024-05-22 10:19:00 UTC (1716373140)
[    1.801070] BIOS EDD facility v0.16 2004-Jun-25, 0 devices found
[    1.803795] EDD information not available.
[    1.852364] Freeing unused kernel memory: 1492K
[    1.854543] Write protecting the kernel read-only data: 14336k
[    1.859218] Freeing unused kernel memory: 1584K
[    1.862391] Freeing unused kernel memory: 52K
Loading, please wait...
starting version 229
[    1.897262] random: systemd-udevd: uninitialized urandom read (16 bytes read, 5 bits of entropy available)
[    1.898476] random: udevadm: uninitialized urandom read (16 bytes read, 5 bits of entropy available)
[    1.898580] random: udevadm: uninitialized urandom read (16 bytes read, 5 bits of entropy available)
[    1.905316] random: systemd-udevd: uninitialized urandom read (16 bytes read, 5 bits of entropy available)
[    1.908576] random: systemd-udevd: uninitialized urandom read (16 bytes read, 5 bits of entropy available)
[    1.911154] random: systemd-udevd: uninitialized urandom read (16 bytes read, 5 bits of entropy available)
[    1.912421] random: udevadm: uninitialized urandom read (16 bytes read, 5 bits of entropy available)
[    1.912571] random: udevadm: uninitialized urandom read (16 bytes read, 5 bits of entropy available)
[    1.912868] random: udevadm: uninitialized urandom read (16 bytes read, 5 bits of entropy available)
[    1.913018] random: udevadm: uninitialized urandom read (16 bytes read, 5 bits of entropy available)
[    2.076506] e1000: Intel(R) PRO/1000 Network Driver - version 7.3.21-k8-NAPI
[    2.078398] e1000: Copyright (c) 1999-2006 Intel Corporation.
[    2.093823] Fusion MPT base driver 3.04.20
[    2.095293] Copyright (c) 1999-2008 LSI Corporation
[    2.116898] Fusion MPT SPI Host driver 3.04.20
[    2.136632] AVX2 version of gcm_enc/dec engaged.
[    2.138043] AES CTR mode by8 optimization enabled
[    2.299059] input: ImExPS/2 Generic Explorer Mouse as /devices/platform/i8042/serio1/input/input4
[    2.481287] e1000 0000:00:03.0 eth0: (PCI:33MHz:32-bit) 02:be:82:6b:cc:1d
[    2.483510] e1000 0000:00:03.0 eth0: Intel(R) PRO/1000 Network Connection
[    2.486677] mptbase: ioc0: Initiating bringup
[    2.488820] e1000 0000:00:03.0 enp0s3: renamed from eth0
[    2.559659] ioc0: LSI53C1030 A0: Capabilities={Initiator}
[    2.727767] scsi host2: ioc0: LSI53C1030 A0, FwRev=00000000h, Ports=1, MaxQ=256, IRQ=20
[    4.240714] scsi 2:0:0:0: Direct-Access     VBOX     HARDDISK         1.0  PQ: 0 ANSI: 5
[    4.244692] scsi target2:0:0: Beginning Domain Validation
[    4.250700] scsi target2:0:0: Domain Validation skipping write tests
[    4.270166] scsi target2:0:0: Ending Domain Validation
[    4.272680] scsi target2:0:0: asynchronous
[    4.275492] scsi 2:0:1:0: Direct-Access     VBOX     HARDDISK         1.0  PQ: 0 ANSI: 5
[    4.278018] scsi target2:0:1: Beginning Domain Validation
[    4.280744] scsi target2:0:1: Domain Validation skipping write tests
[    4.282428] scsi target2:0:1: Ending Domain Validation
[    4.284090] scsi target2:0:1: asynchronous
[    4.297347] sd 2:0:0:0: Attached scsi generic sg0 type 0
[    4.299208] sd 2:0:1:0: Attached scsi generic sg1 type 0
[    4.301043] sd 2:0:0:0: [sda] 83886080 512-byte logical blocks: (42.9 GB/40.0 GiB)
[    4.304204] sd 2:0:1:0: [sdb] 20480 512-byte logical blocks: (10.5 MB/10.0 MiB)
[    4.304356] sd 2:0:0:0: [sda] Write Protect is off
[    4.304484] sd 2:0:0:0: [sda] Incomplete mode parameter data
[    4.304487] sd 2:0:0:0: [sda] Assuming drive cache: write through
[    4.306007]  sda: sda1
[    4.307027] sd 2:0:0:0: [sda] Attached SCSI disk
[    4.313992] sd 2:0:1:0: [sdb] Write Protect is off
[    4.315603] sd 2:0:1:0: [sdb] Incomplete mode parameter data
[    4.317048] sd 2:0:1:0: [sdb] Assuming drive cache: write through
[    4.323439] sd 2:0:1:0: [sdb] Attached SCSI disk
Begin: Loading essential drivers ... [    5.911241] md: linear personality registered for level -1
[    5.920850] md: multipath personality registered for level -4
[    5.932154] md: raid0 personality registered for level 0
[    5.941307] md: raid1 personality registered for level 1
[    6.015090] raid6: sse2x1   gen()  4620 MB/s
[    6.082816] raid6: sse2x1   xor()  3981 MB/s
[    6.151074] raid6: sse2x2   gen()  8997 MB/s
[    6.219151] raid6: sse2x2   xor()  6378 MB/s
[    6.287095] raid6: sse2x4   gen()  9921 MB/s
[    6.355714] raid6: sse2x4   xor()  4062 MB/s
[    6.422805] raid6: avx2x1   gen()  6160 MB/s
[    6.491100] raid6: avx2x2   gen()  9339 MB/s
[    6.558785] raid6: avx2x4   gen() 13143 MB/s
[    6.560928] raid6: using algorithm avx2x4 gen() 13143 MB/s
[    6.563860] raid6: using avx2x2 recovery algorithm
[    6.568116] xor: automatically using best checksumming function:
[    6.606779]    avx       :  8825.000 MB/sec
[    6.610864] async_tx: api initialized (async)
[    6.631742] md: raid6 personality registered for level 6
[    6.634211] md: raid5 personality registered for level 5
[    6.636962] md: raid4 personality registered for level 4
[    6.653897] md: raid10 personality registered for level 10
done.
Begin: Running /scripts/init-premount ... done.
Begin: Mounting root file system ... Begin: Running /scripts/local-top ... done.
Begin: Running /scripts/local-premount ... [    6.721935] Btrfs loaded
Scanning for Btrfs filesystems
done.
Warning: fsck not present, so skipping root file system
[    6.791315] EXT4-fs (sda1): mounted filesystem with ordered data mode. Opts: (null)
done.
Begin: Running /scripts/local-bottom ... done.
Begin: Running /scripts/init-bottom ... done.
[    6.994445] systemd[1]: systemd 229 running in system mode. (+PAM +AUDIT +SELINUX +IMA +APPARMOR +SMACK +SYSVINIT +UTMP +LIBCRYPTSETUP +GCRYPT +GNUTLS +ACL +XZ -LZ4 +SECCOMP +BLKID +ELFUTILS +KMOD -IDN)
[    7.002623] systemd[1]: Detected virtualization oracle.
[    7.005120] systemd[1]: Detected architecture x86-64.

Welcome to [1mUbuntu 16.04.7 LTS[0m!

[    7.013478] systemd[1]: Set hostname to <ubuntu>.
[    7.020197] systemd[1]: Initializing machine ID from random generator.
[    7.023244] systemd[1]: Installed transient /etc/machine-id file.
[    7.332225] systemd[1]: Set up automount Arbitrary Executable File Formats File System Automount Point.
[[0;32m  OK  [0m] Set up automount Arbitrary Executab...ats File System Automount Point.
[    7.339867] systemd[1]: Started Trigger resolvconf update for networkd DNS.
[[0;32m  OK  [0m] Started Trigger resolvconf update for networkd DNS.
[    7.351446] systemd[1]: Reached target System Time Synchronized.
[[0;32m  OK  [0m] Reached target System Time Synchronized.
[    7.356363] systemd[1]: Listening on udev Control Socket.
[[0;32m  OK  [0m] Listening on udev Control Socket.
[    7.360680] systemd[1]: Listening on /dev/initctl Compatibility Named Pipe.
[[0;32m  OK  [0m] Listening on /dev/initctl Compatibility Named Pipe.
[    7.366094] systemd[1]: Listening on LVM2 metadata daemon socket.
[[0;32m  OK  [0m] Listening on LVM2 metadata daemon socket.
[    7.370880] systemd[1]: Listening on Device-mapper event daemon FIFOs.
[[0;32m  OK  [0m] Listening on Device-mapper event daemon FIFOs.
[    7.376225] systemd[1]: Created slice System Slice.
[[0;32m  OK  [0m] Created slice System Slice.
[    7.380332] systemd[1]: Listening on LVM2 poll daemon socket.
[[0;32m  OK  [0m] Listening on LVM2 poll daemon socket.
[    7.385042] systemd[1]: Listening on udev Kernel Socket.
[[0;32m  OK  [0m] Listening on udev Kernel Socket.
[    7.390022] systemd[1]: Created slice system-serial\x2dgetty.slice.
[[0;32m  OK  [0m] Created slice system-serial\x2dgetty.slice.
[    7.394372] systemd[1]: Listening on Journal Socket.
[[0;32m  OK  [0m] Listening on Journal Socket.
[    7.407253] systemd[1]: Mounting POSIX Message Queue File System...
         Mounting POSIX Message Queue File System...
[    7.421621] systemd[1]: Mounting Debug File System...
         Mounting Debug File System...
[    7.426340] systemd[1]: Starting Nameserver information manager...
         Starting Nameserver information manager...
[    7.438478] systemd[1]: Starting Load Kernel Modules...
         Starting Load Kernel Modules...
[    7.442324] systemd[1]: Starting Set console keymap...
         Starting Set console keymap...
[    7.444637] systemd[1]: Reached target Swap.
[[0;32m  OK  [0m] Reached target Swap.
[    7.446941] systemd[1]: Reached target User and Group Name Lookups.
[[0;32m  OK  [0m] Reached target User and Group Name Lookups.
[    7.453943] systemd[1]: Starting Monitoring of LVM2 mirrors, snapshots etc. using dmeventd or progress polling...
         Starting Monitoring of LVM2 mirrors... dmeventd or progress polling...
[    7.462337] systemd[1]: Mounting Huge Pages File System...
         Mounting Huge Pages File System...
[    7.468549] Loading iSCSI transport class v2.0-870.
[    7.468650] systemd[1]: Listening on Journal Audit Socket.
[[0;32m  OK  [0m] Listening on Journal Audit Socket.
[    7.473897] systemd[1]: Starting Create list of required static device nodes for the current kernel...
         Starting Create list of required st... nodes for the current kernel...
[    7.479589] systemd[1]: Starting Uncomplicated firewall...
         Starting Uncomplicated firewall...
[    7.483246] systemd[1]: Started Forward Password Requests to Wall Directory Watch.
[[0;32m  OK  [0m] Started Forward Password Requests to Wall Directory Watch.
[    7.499222] systemd[1]: Listening on fsck to fsckd communication Socket.
[[0;32m  OK  [0m] Listening on fsck to fsckd communication Socket.
[    7.509580] iscsi: registered transport (tcp)
[    7.519371] systemd[1]: Starting File System Check on Root Device...
         Starting File System Check on Root Device...
[    7.531535] systemd[1]: Created slice User and Session Slice.
[[0;32m  OK  [0m] Created slice User and Session Slice.
[    7.534302] systemd[1]: Reached target Slices.
[[0;32m  OK  [0m] Reached target Slices.
[    7.538303] systemd[1]: Reached target Encrypted Volumes.
[[0;32m  OK  [0m] Reached target Encrypted Volumes.
[    7.543369] systemd[1]: Listening on Syslog Socket.
[[0;32m  OK  [0m] Listening on Syslog Socket.
[    7.547135] systemd[1]: Listening on Journal Socket (/dev/log).
[[0;32m  OK  [0m] Listening on Journal Socket (/dev/log).
[    7.550916] systemd[1]: Starting Journal Service...
         Starting Journal Service...
[    7.573019] systemd[1]: Mounted Huge Pages File System.
[[0;32m  OK  [0m] Mounted Huge Pages File System.
[    7.579877] systemd[1]: Mounted POSIX Message Queue File System.
[[0;32m  OK  [0m] Mounted POSIX Message Queue File System.
[    7.585016] systemd[1]: Mounted Debug File System.
[[0;32m  OK  [0m] Mounted Debug File System.
[    7.589216] systemd[1]: Started Set console keymap.
[[0;32m  OK  [0m] Started Set console keymap.
[    7.594661] systemd[1]: Started Create list of required static device nodes for the current kernel.
[[0;32m  OK  [0m] Started Create list of required sta...ce nodes for the current kernel.
[    7.599833] systemd[1]: Started Uncomplicated firewall.
[[0;32m  OK  [0m] Started Uncomplicated firewall.
[    7.603684] systemd[1]: Started File System Check on Root Device.
[    7.606107] random: nonblocking pool is initialized
[[0;32m  OK  [0m] Started File System Check on Root Device.
[    7.613045] iscsi: registered transport (iser)
[    7.619734] systemd[1]: Started Nameserver information manager.
[[0;32m  OK  [0m] Started Nameserver information manager.
[    7.623683] systemd[1]: Started Load Kernel Modules.
[[0;32m  OK  [0m] Started Load Kernel Modules.
[    7.628212] systemd[1]: Started Journal Service.
[[0;32m  OK  [0m] Started Journal Service.
[[0;32m  OK  [0m] Started File System Check Daemon to report status.
[[0;32m  OK  [0m] Started LVM2 metadata daemon.
         Mounting FUSE Control File System...
         Starting Apply Kernel Variables...
         Starting Remount Root and Kernel File Systems...
         Starting Create Static Device Nodes in /dev...
[[0;32m  OK  [0m] Mounted FUSE Control File System.
[[0;32m  OK  [0m] Started Apply Kernel Variables.
[[0;32m  OK  [0m] Started Remount Root and Kernel File Systems.
         Starting Flush Journal to Persistent Storage...
         Starting Load/Save Random Seed...
         Starting udev Coldplug all Devices...
[[0;32m  OK  [0m] Started Load/Save Random Seed.
[[0;32m  OK  [0m] Started Create Static Device Nodes in /dev.
         Starting udev Kernel Device Manager...
[[0;32m  OK  [0m] Started Flush Journal to Persistent Storage.
[[0;32m  OK  [0m] Started udev Kernel Device Manager.
[[0;32m  OK  [0m] Started udev Coldplug all Devices.
[[0;32m  OK  [0m] Started Dispatch Password Requests to Console Directory Watch.
[[0;32m  OK  [0m] Started Monitoring of LVM2 mirrors,...ng dmeventd or progress polling.
[[0;32m  OK  [0m] Reached target Local File Systems (Pre).
[[0;32m  OK  [0m] Reached target Local File Systems.
         Starting Commit a transient machine-id on disk...
         Starting Tell Plymouth To Write Out Runtime Data...
         Starting Initial cloud-init job (pre-networking)...
         Starting LSB: AppArmor initialization...
         Starting Create Volatile Files and Directories...
         Starting Set console font and keymap...
[[0;32m  OK  [0m] Started Tell Plymouth To Write Out Runtime Data.
[[0;32m  OK  [0m] Started Commit a transient machine-id on disk.
[[0;32m  OK  [0m] Started Create Volatile Files and Directories.
         Starting Update UTMP about System Boot/Shutdown...
[[0;32m  OK  [0m] Started Update UTMP about System Boot/Shutdown.
[[0;32m  OK  [0m] Found device /dev/ttyS0.
[[0;32m  OK  [0m] Listening on Load/Save RF Kill Switch Status /dev/rfkill Watch.
[[0;32m  OK  [0m] Started Set console font and keymap.
[[0;32m  OK  [0m] Created slice system-getty.slice.
[[0;32m  OK  [0m] Started LSB: AppArmor initialization.
         Starting Load AppArmor profiles managed internally by snapd...
[[0;32m  OK  [0m] Started Load AppArmor profiles managed internally by snapd.
[    9.913522] cloud-init[503]: Cloud-init v. 21.1-19-gbad84ad4-0ubuntu1~16.04.2 running 'init-local' at Wed, 22 May 2024 10:19:08 +0000. Up 9.30 seconds.
[[0;32m  OK  [0m] Started Initial cloud-init job (pre-networking).
[[0;32m  OK  [0m] Reached target Network (Pre).
         Starting Raise network interfaces...
[[0;32m  OK  [0m] Started Raise network interfaces.
         Starting Initial cloud-init job (metadata service crawler)...
[[0;32m  OK  [0m] Reached target Network.
[   11.740410] cloud-init[942]: Cloud-init v. 21.1-19-gbad84ad4-0ubuntu1~16.04.2 running 'init' at Wed, 22 May 2024 10:19:09 +0000. Up 10.83 seconds.
[   11.749474] cloud-init[942]: ci-info: ++++++++++++++++++++++++++++++++++++++Net device info++++++++++++++++++++++++++++++++++++++
[   11.753968] cloud-init[942]: ci-info: +--------+------+----------------------------+---------------+--------+-------------------+
[   11.758332] cloud-init[942]: ci-info: | Device |  Up  |          Address           |      Mask     | Scope  |     Hw-Address    |
[   11.762262] cloud-init[942]: ci-info: +--------+------+----------------------------+---------------+--------+-------------------+
[   11.765740] cloud-init[942]: ci-info: | enp0s3 | True |         10.0.2.15          | 255.255.255.0 | global | 02:be:82:6b:cc:1d |
[   11.769909] cloud-init[942]: ci-info: | enp0s3 | True | fe80::be:82ff:fe6b:cc1d/64 |       .       |  link  | 02:be:82:6b:cc:1d |
[   11.775003] cloud-init[942]: ci-info: |   lo   | True |         127.0.0.1          |   255.0.0.0   |  host  |         .         |
[   11.779398] cloud-init[942]: ci-info: |   lo   | True |          ::1/128           |       .       |  host  |         .         |
[   11.783456] cloud-init[942]: ci-info: +--------+------+----------------------------+---------------+--------+-------------------+
[   11.787948] cloud-init[942]: ci-info: +++++++++++++++++++++++++++Route IPv4 info++++++++++++++++++++++++++++
[   11.791621] cloud-init[942]: ci-info: +-------+-------------+----------+---------------+-----------+-------+
[   11.795807] cloud-init[942]: ci-info: | Route | Destination | Gateway  |    Genmask    | Interface | Flags |
[   11.799552] cloud-init[942]: ci-info: +-------+-------------+----------+---------------+-----------+-------+
[   11.803180] cloud-init[942]: ci-info: |   0   |   0.0.0.0   | 10.0.2.2 |    0.0.0.0    |   enp0s3  |   UG  |
[   11.806699] cloud-init[942]: ci-info: |   1   |   10.0.2.0  | 0.0.0.0  | 255.255.255.0 |   enp0s3  |   U   |
[   11.810781] cloud-init[942]: ci-info: +-------+-------------+----------+---------------+-----------+-------+
[   11.815581] cloud-init[942]: ci-info: +++++++++++++++++++Route IPv6 info+++++++++++++++++++
[   11.818426] cloud-init[942]: ci-info: +-------+-------------+---------+-----------+-------+
[   11.820645] cloud-init[942]: ci-info: | Route | Destination | Gateway | Interface | Flags |
[   11.824451] cloud-init[942]: ci-info: +-------+-------------+---------+-----------+-------+
[   11.829915] cloud-init[942]: ci-info: |   0   |  fe80::/64  |    ::   |   enp0s3  |   U   |
[   11.836798] cloud-init[942]: ci-info: |   3   |   ff00::/8  |    ::   |   enp0s3  |   U   |
[   11.841300] cloud-init[942]: ci-info: +-------+-------------+---------+-----------+-------+
[   11.843420] cloud-init[942]: Generating public/private rsa key pair.
[   11.845233] cloud-init[942]: Your identification has been saved in /etc/ssh/ssh_host_rsa_key.
[   11.847570] cloud-init[942]: Your public key has been saved in /etc/ssh/ssh_host_rsa_key.pub.
[   11.850616] cloud-init[942]: The key fingerprint is:
[   11.853408] cloud-init[942]: SHA256:C5+AsICDBNQ2FNETKtn+3AgNeIyDcebUzhv4z2aPhsI root@ubuntu-xenial
[   11.855978] [cloud-init[0;32m  OK  [0m[942]: ] The key's randomart image is:Started Initial cloud-init job (metadata service crawler).

[[0;32m  OK  [0m] Reached target Cloud-config availability.
[[0;32m  OK  [0m] Reached target System Initialization.
[   11.860652] cloud-init[942]: +---[RSA 2048]----+
[   11.862159] cloud-init[942]: |=o*=+..          |
[   11.863149] cloud-init[942]: |=**+oo           |
[   11.863991] cloud-init[942]: |**+X. .          |
[   11.865667] cloud-init[942]: | o*o*.           |
[   11.868132] cloud-init[[0;32m  OK  [0m] Started ACPI Events Check.
[[0;32m  OK  [0m] Reached target Paths.
[[0;32m  OK  [0m] Listening on UUID daemon activation socket.
         Starting Socket activation for snappy daemon.
[[0;32m  OK  [0m] Listening on ACPID Listen Socket.
[[0;32m  OK  [0m] Listening on D-Bus System Message Bus Socket.
[[0;32m  OK  [0m] Started Daily apt download activities.
[[0;32m  OK  [0m] Started Daily apt upgrade and clean activities.
[[0;32m  OK  [0m] Started Ubuntu Advantage update messaging.
[942]: |  .+.+o S        |
[   11.876933] cloud-init[942]: |    * o+ o       |
[   11.884744]          Starting LXD - unix socket.
[[0;32m  OK  [0m] Started Daily Cleanup of Temporary Directories.
[[0;32m  OK  [0m] Started Message of the Day.
[[0;32m  OK  [0m] Reached target Timers.
cloud-init[942]: | .   B .+        |
[[0;32m  OK  [0m] Reached target Network is Online.
[   11.888188] cloud-init[942]: |  E . *.         |
[   11.900347] cloud-init[942]: |   . +...        |
[   11.900599] cloud-init[942]: +----[SHA256]-----+
[   11.900685] cloud-init[942]: Generating public/private dsa key pair.
[   11.903397]          cloud-init[942]: Your identification has been saved in /etc/ssh/ssh_host_dsa_key.
[   11.905373] cloud-init[942]: Your public key has been saved in /etc/ssh/ssh_host_dsa_key.pub.
Starting iSCSI initiator daemon (iscsid)...
[[0;32m  OK  [0m] Listening on Socket activation for snappy daemon.
[[0;32m  OK  [0m] Listening on LXD - unix socket.
[[0;32m  OK  [0m] Reached target Sockets.
[[0;32m  OK  [0m] Reached target Basic System.
[   11.916164] cloud-init[942]: The key fingerprint is:
[   11.926895] cloud-init[942]: SHA256:SmTomgiPWWoCcMdZLgCr474lXOG8XGJKpUu630utCJI root@ubuntu-xenial
         Starting /etc/rc.local Compatibility...
[   11.932433] cloud-init[942]: The key's randomart image is:
[   11.934559] cloud-init[942]: +---[DSA 1024]----+
[   11.937979] cloud-init[942]: |...   .          |
[   11.938188] cloud-init[942]: | . o =           |
[   11.938375] cloud-init[942]: |o .o* +          |
[   11.939181] cloud-init[942]: |o.=o.+           |
[   11.940360] cloud-init[942]: |=+.*... S        |
[   11.940693] cloud-init[942]: |OX*o+o .         |
[   11.941369] cloud-init[942]: |EB++. o          |
[   11.941902] cloud-init[942]: |=oo+ .           |
[   11.941951] cloud-init[942]: |.++ +.           |
[   11.942993] cloud-init[942]: +----[SHA256]-----+
[   11.943840] cloud-init[942]: Generating public/private ecdsa key pair.
[   11.944368] cloud-init[942]: Your identification has been saved in /etc/ssh/ssh_host_ecdsa_key.
[   11.945257] cloud-init[942]: Your public key has been saved in /etc/ssh/ssh_host_ecdsa_key.pub.
[   11.946567] cloud-init[942]: The key fingerprint is:
[   11.947682] cloud-init[942]: SHA256:dmwxdz1AlyJFv9B1wouucMKAXAz3Ma/HNOv/Ltq+oa8 root@ubuntu-xenial
[   11.948574] cloud-init[942]: The key's randomart image is:
[   11.949716] cloud-init[942]: +---[ECDSA 256]---+
[   11.950311] cloud-init[942]: |    .o. o   +*..+|
[   11.951119] cloud-init[942]: |     .o. + . .*+o|
[   11.951611] cloud-init[942]: |   . o  . * ooo=.|
[   11.952491] cloud-init[942]: |    o .  = *..o o|
[   11.953460] cloud-init[942]: |       oS B.   . |
[   11.953897] cloud-init[942]: |       .+=. .    |
[   11.954394] cloud-init[942]: |         +...    |
[   11.955146] cloud-init[942]: |          .+..   |
[   11.955621] cloud-init[942]: |          E=*=o  |
[   11.956434] cloud-init[942]: +----[SHA256]-----+
[   11.957127] cloud-init[942]: Generating public/private ed25519 key pair.
[   11.957532] cloud-init[942]: Your identification has been saved in /etc/ssh/ssh_host_ed25519_key.
[   11.958629] cloud-init         Starting System Logging Service...
[942]: Your public key has been saved in /etc/ssh/ssh_host_ed25519_key.pub.
         Starting Accounts Service...
[   11.962925] cloud-init[942]: The key fingerprint is:
[   11.965948] cloud-init[942]: SHA256:EsN662R/VATdZcB3JF94+ol3POSgomETTQTHolz4EaU root@ubuntu-xenial
         Starting LXD - container startup/shutdown...
         Starting Pollinate to seed the pseudo random number generator...
[[0;32m  OK  [0m] Started FUSE filesystem for LXC.
[   11.974141] cloud-init[942]: The key's randomart image is:
[   11.997164] [cloud-init[0;32m  OK  [0m[942]: ] +--[ED25519 256]--+Started D-Bus System Message Bus.

[   12.000045] cloud-init[942]: |      .o*+.o oo==|
[   12.013218] cloud-init[942]: |     o +oo  o ++=|
[   12.017022] cloud-init[942]: |    . BE=  .   +o|
[   12.019590] cloud-init[942]: |     + = .  .... |
[   12.023527] cloud-init[942]: |    . o S  .. =o.|
[   12.025451] cloud-init[942]: |     . * ... . =+|
[   12.027251] cloud-init[942]: |      = +..   . o|
[   12.029208] cloud-init[942]: |     + o  .      |
[   12.037326] cloud-init[942]: |      . ..       |
[   12.040507] cloud-init[942]: +----[SHA256]-----+
[[0;32m  OK  [0m] Started ACPI event daemon.
         Starting Login Service...
         Starting LSB: MD monitoring daemon...
         Starting LSB: Record successful boot for GRUB...
         Starting Snap Daemon...
[[0;32m  OK  [0m] Started Regular background program processing daemon.
         Starting Virtualbox guest utils...
[[0;32m  OK  [0m] Started Deferred execution scheduler.
[[0;32m  OK  [0m] Started System Logging Service.
[[0;32m  OK  [0m] Started /etc/rc.local Compatibility.
[[0;32m  OK  [0m] Started iSCSI initiator daemon (iscsid).
[[0;32m  OK  [0m] Started Login Service.
[[0;32m  OK  [0m] Started Unattended Upgrades Shutdown.
         Starting Login to default iSCSI targets...
         Starting Authenticate and Authorize Users to Run Privileged Tasks...
[[0;32m  OK  [0m] Started LXD - container startup/shutdown.
[[0;32m  OK  [0m] Started LSB: Record successful boot for GRUB.
[[0;32m  OK  [0m] Started LSB: MD monitoring daemon.
[[0;32m  OK  [0m] Started Authenticate and Authorize Users to Run Privileged Tasks.
[[0;32m  OK  [0m] Started Accounts Service.
[[0;32m  OK  [0m] Started Login to default iSCSI targets.
[[0;32m  OK  [0m] Reached target Remote File Systems (Pre).
[[0;32m  OK  [0m] Reached target Remote File Systems.
         Starting LSB: Set the CPU Frequency Scaling governor to "ondemand"...
         Starting LSB: automatic crash report generation...
         Starting Permit User Sessions...
         Starting LSB: daemon to balance interrupts for SMP systems...
[[0;32m  OK  [0m] Started Permit User Sessions.
         Starting Terminate Plymouth Boot Screen...
         Starting Hold until boot process finishes up...
[[0;32m  OK  [0m] Started Hold until boot process finishes up.
[[0;32m  OK  [0m] Started Terminate Plymouth Boot Screen.
         Starting Set console scheme...
[[0;32m  OK  [0m] Started Serial Getty on ttyS0.
[[0;32m  OK  [0m] Started Getty on tty1.
[[0;32m  OK  [0m] Reached target Login Prompts.
[[0;32m  OK  [0m] Started Set console scheme.
[[0;32m  OK  [0m] Started LSB: Set the CPU Frequency Scaling governor to "ondemand".
[[0;32m  OK  [0m] Started LSB: daemon to balance interrupts for SMP systems.
[[0;32m  OK  [0m] Started LSB: automatic crash report generation.
[[0;32m  OK  [0m] Started Virtualbox guest utils.
[[0;32m  OK  [0m] Started Snap Daemon.
         Starting Wait until snapd is fully seeded...

Ubuntu 16.04.7 LTS ubuntu-xenial ttyS0

ubuntu-xenial login: [   20.492864] cloud-init[1371]: Generating locales (this might take a while)...
[   21.747774] cloud-init[1371]:   en_US.UTF-8... done
[   21.749468] cloud-init[1371]: Generation complete.
[   22.324845] cloud-init[1371]: Cloud-init v. 21.1-19-gbad84ad4-0ubuntu1~16.04.2 running 'modules:config' at Wed, 22 May 2024 10:19:19 +0000. Up 20.22 seconds.
ci-info: no authorized SSH keys fingerprints found for user ubuntu.
<14>May 22 10:19:22 ec2: 
<14>May 22 10:19:22 ec2: #############################################################
<14>May 22 10:19:22 ec2: -----BEGIN SSH HOST KEY FINGERPRINTS-----
<14>May 22 10:19:22 ec2: 1024 SHA256:SmTomgiPWWoCcMdZLgCr474lXOG8XGJKpUu630utCJI root@ubuntu-xenial (DSA)
<14>May 22 10:19:22 ec2: 256 SHA256:dmwxdz1AlyJFv9B1wouucMKAXAz3Ma/HNOv/Ltq+oa8 root@ubuntu-xenial (ECDSA)
<14>May 22 10:19:22 ec2: 256 SHA256:EsN662R/VATdZcB3JF94+ol3POSgomETTQTHolz4EaU root@ubuntu-xenial (ED25519)
<14>May 22 10:19:22 ec2: 2048 SHA256:C5+AsICDBNQ2FNETKtn+3AgNeIyDcebUzhv4z2aPhsI root@ubuntu-xenial (RSA)
<14>May 22 10:19:22 ec2: -----END SSH HOST KEY FINGERPRINTS-----
<14>May 22 10:19:22 ec2: #############################################################
-----BEGIN SSH HOST KEY KEYS-----
ecdsa-sha2-nistp256 AAAAE2VjZHNhLXNoYTItbmlzdHAyNTYAAAAIbmlzdHAyNTYAAABBBJmLhJWsuuhE18+aSTGQRQ5Aks2rIqrnZD2RNk4l/Yf73EQIWxlVH+4n872vj5Oaf5odvmffTdeRwTlbyiSK7Fg= root@ubuntu-xenial
ssh-ed25519 AAAAC3NzaC1lZDI1NTE5AAAAILlimJn4q4d68Yj6X0byUm+ASK12hh7bEMM/koPhZ3oe root@ubuntu-xenial
ssh-rsa AAAAB3NzaC1yc2EAAAADAQABAAABAQC6/poiA0FH73IpTVbqM7mM6kxRsIgjhmVUQUuAqpZv+hDauhEzt+5vGc4kBnHc6JB+uK9sr0BUvGeMTSTHdmU/oevwSg0Qphl1vTqzaEpFN0V8S5R1aTyhmSdEKZvi2suMtb1MdKskNnGFvv7FWS0+kObjWJrvCzVIgZqzTPaR8de9eTxB1fI8W4IuSGjBbCYjlLdOsIuQZdqZtmAckh9M4bAp+dBmSEhTcx/BQ3NHC6DlyOpUArzhRQESmIOgDykjEAT64HQyfstgIXcRFmk3bLdv6BRVA6xr2GEPzqDIowW9tnBlhN3uKT46XcYoaxWfWx7Jq7NjmIn5/HcMy1Jl root@ubuntu-xenial
-----END SSH HOST KEY KEYS-----
[   23.352541] cloud-init[1534]: Cloud-init v. 21.1-19-gbad84ad4-0ubuntu1~16.04.2 running 'modules:final' at Wed, 22 May 2024 10:19:22 +0000. Up 23.03 seconds.
[   23.354745] cloud-init[1534]: ci-info: no authorized SSH keys fingerprints found for user ubuntu.
[   23.356698] cloud-init[1534]: Cloud-init v. 21.1-19-gbad84ad4-0ubuntu1~16.04.2 finished at Wed, 22 May 2024 10:19:22 +0000. Datasource DataSourceNoCloud [seed=/dev/sdb][dsmode=net].  Up 23.33 seconds
[[0;32m  OK  [0m] Stopped target Cloud-init target.
         Stopping ACPI event daemon...
[[0;32m  OK  [0m] Stopped target Timers.
[[0;32m  OK  [0m] Stopped Ubuntu Advantage update messaging.
[[0;32m  OK  [0m] Stopped Daily apt upgrade and clean activities.
[[0;32m  OK  [0m] Stopped Daily Cleanup of Temporary Directories.
         Stopping Authenticate and Authorize Users to Run Privileged Tasks...
         Stopping Session 6 of user vagrant.
[[0;32m  OK  [0m] Closed Load/Save RF Kill Switch Status /dev/rfkill Watch.
         Stopping User Manager for UID 1000...
[[0;32m  OK  [0m] Stopped target Graphical Interface.
         Stopping Accounts Service...
[[0;32m  OK  [0m] Stopped Execute cloud user/final scripts.
[[0;32m  OK  [0m] Stopped target Multi-User System.
         Stopping LSB: MD monitoring daemon...
         Stopping Virtualbox guest utils...
         Stopping MySQL Community Server...
[[0;32m  OK  [0m] Stopped target Login Prompts.
         Stopping Serial Getty on ttyS0...
         Stopping LSB: automatic crash report generation...
         Stopping LXD - container startup/shutdown...
         Stopping Deferred execution scheduler...
         Stopping FUSE filesystem for LXC...
         Stopping LSB: daemon to balance interrupts for SMP systems...
         Stopping OpenBSD Secure Shell server...
         Stopping System Logging Service...
[[0;32m  OK  [0m] Stopped Apply the settings specified in cloud-config.
[[0;32m  OK  [0m] Stopped Wait until snapd is fully seeded.
[[0;32m  OK  [0m] Stopped target Cloud-config availability.
         Stopping LSB: Record successful boot for GRUB...
         Stopping D-Bus System Message Bus...
[[0;32m  OK  [0m] Stopped Message of the Day.
         Stopping Getty on tty1...
[[0;32m  OK  [0m] Stopped Daily apt download activities.
[[0;32m  OK  [0m] Stopped target System Time Synchronized.
         Stopping Regular background program processing daemon...
         Stopping LSB: Set the CPU Frequency Scaling governor to "ondemand"...
[[0;32m  OK  [0m] Unmounted /var/lib/lxcfs.
[[0;32m  OK  [0m] Stopped System Logging Service.
[[0;32m  OK  [0m] Stopped Accounts Service.
[[0;32m  OK  [0m] Stopped ACPI event daemon.
[[0;32m  OK  [0m] Stopped Regular background program processing daemon.
[[0;32m  OK  [0m] Stopped Deferred execution scheduler.
[[0;32m  OK  [0m] Stopped Authenticate and Authorize Users to Run Privileged Tasks.
[[0;32m  OK  [0m] Stopped Serial Getty on ttyS0.
[[0;32m  OK  [0m] Stopped Getty on tty1.
[[0;32m  OK  [0m] Stopped OpenBSD Secure Shell server.
[[0;32m  OK  [0m] Stopped User Manager for UID 1000.
[[0;32m  OK  [0m] Stopped Session 6 of user vagrant.
[[0;32m  OK  [0m] Stopped D-Bus System Message Bus.
[[0;32m  OK  [0m] Stopped FUSE filesystem for LXC.
[[0;32m  OK  [0m] Stopped LXD - container startup/shutdown.
[[0;32m  OK  [0m] Stopped LSB: MD monitoring daemon.
[[0;32m  OK  [0m] Stopped LSB: daemon to balance interrupts for SMP systems.
[[0;32m  OK  [0m] Stopped LSB: Record successful boot for GRUB.
[[0;32m  OK  [0m] Stopped Virtualbox guest utils.
[[0;32m  OK  [0m] Stopped LSB: automatic crash report generation.
[[0;32m  OK  [0m] Stopped LSB: Set the CPU Frequency Scaling governor to "ondemand".
[[0;32m  OK  [0m] Removed slice User Slice of vagrant.
         Stopping Login Service...
[[0;32m  OK  [0m] Removed slice system-getty.slice.
         Stopping Permit User Sessions...
[[0;32m  OK  [0m] Removed slice system-serial\x2dgetty.slice.
[[0;32m  OK  [0m] Stopped /etc/rc.local Compatibility.
[[0;32m  OK  [0m] Stopped Permit User Sessions.
[[0;32m  OK  [0m] Stopped target Remote File Systems.
         Unmounting /vagrant...
[[0;32m  OK  [0m] Unmounted /vagrant.
[[0;32m  OK  [0m] Stopped target Remote File Systems (Pre).
         Stopping Login to default iSCSI targets...
[[0;32m  OK  [0m] Stopped Login Service.
[[0;32m  OK  [0m] Stopped target User and Group Name Lookups.
[[0;32m  OK  [0m] Stopped Login to default iSCSI targets.
         Stopping iSCSI initiator daemon (iscsid)...
[[0;32m  OK  [0m] Stopped iSCSI initiator daemon (iscsid).
[[0;32m  OK  [0m] Stopped target Network is Online.
[[0;32m  OK  [0m] Stopped MySQL Community Server.
[[0;32m  OK  [0m] Stopped target Network.
[[0;32m  OK  [0m] Stopped target Basic System.
[[0;32m  OK  [0m] Stopped target Slices.
[[0;32m  OK  [0m] Removed slice User and Session Slice.
[[0;32m  OK  [0m] Stopped target Sockets.
[[0;32m  OK  [0m] Closed Socket activation for snappy daemon.
[[0;32m  OK  [0m] Closed UUID daemon activation socket.
[[0;32m  OK  [0m] Closed D-Bus System Message Bus Socket.
[[0;32m  OK  [0m] Closed Syslog Socket.
[[0;32m  OK  [0m] Closed LXD - unix socket.
[[0;32m  OK  [0m] Closed ACPID Listen Socket.
[[0;32m  OK  [0m] Stopped target Paths.
[[0;32m  OK  [0m] Stopped Forward Password Requests to Wall Directory Watch.
[[0;32m  OK  [0m] Stopped Dispatch Password Requests to Console Directory Watch.
[[0;32m  OK  [0m] Stopped ACPI Events Check.
[[0;32m  OK  [0m] Stopped target System Initialization.
[[0;32m  OK  [0m] Stopped target Encrypted Volumes.
         Stopping Load/Save Random Seed...
[[0;32m  OK  [0m] Stopped Commit a transient machine-id on disk.
         Stopping Update UTMP about System Boot/Shutdown...
[[0;32m  OK  [0m] Stopped Initial cloud-init job (metadata service crawler).
         Stopping Raise network interfaces...
[[0;32m  OK  [0m] Stopped target Swap.
[[0;32m  OK  [0m] Stopped Load/Save Random Seed.
[[0;32m  OK  [0m] Stopped Update UTMP about System Boot/Shutdown.
[[0;32m  OK  [0m] Stopped Create Volatile Files and Directories.
[[0;32m  OK  [0m] Stopped Raise network interfaces.
[[0;32m  OK  [0m] Stopped Apply Kernel Variables.
[[0;32m  OK  [0m] Stopped target Network (Pre).
[[0;32m  OK  [0m] Stopped Initial cloud-init job (pre-networking).
[[0;32m  OK  [0m] Stopped Load Kernel Modules.
[[0;32m  OK  [0m] Stopped target Local File Systems.
         Unmounting /run/user/1000...
[[0;32m  OK  [0m] Unmounted /run/user/1000.
[[0;32m  OK  [0m] Reached target Unmount All Filesystems.
[[0;32m  OK  [0m] Stopped target Local File Systems (Pre).
[[0;32m  OK  [0m] Stopped Create Static Device Nodes in /dev.
[[0;32m  OK  [0m] Stopped Remount Root and Kernel File Systems.
[[0;32m  OK  [0m] Reached target Shutdown.
[ 1638.543107] reboot: Power down
